<?xml version="1.0" encoding="UTF-8" ?>
<testsuite tests="30" failures="0" name="agency.MissionManagerImplTest" time="0.517" errors="0" skipped="0">
  <properties>
    <property name="java.runtime.name" value="Java(TM) SE Runtime Environment"/>
    <property name="sun.boot.library.path" value="/usr/lib/jvm/java-8-oracle/jre/lib/amd64"/>
    <property name="java.vm.version" value="25.45-b02"/>
    <property name="java.vm.vendor" value="Oracle Corporation"/>
    <property name="java.vendor.url" value="http://java.oracle.com/"/>
    <property name="path.separator" value=":"/>
    <property name="guice.disable.misplaced.annotation.check" value="true"/>
    <property name="java.vm.name" value="Java HotSpot(TM) 64-Bit Server VM"/>
    <property name="file.encoding.pkg" value="sun.io"/>
    <property name="user.country" value="US"/>
    <property name="sun.java.launcher" value="SUN_STANDARD"/>
    <property name="sun.os.patch.level" value="unknown"/>
    <property name="java.vm.specification.name" value="Java Virtual Machine Specification"/>
    <property name="user.dir" value="/home/martin/IV-semester/PV168 - SeminarJava/AgencyMaven/Agency"/>
    <property name="java.runtime.version" value="1.8.0_45-b14"/>
    <property name="java.awt.graphicsenv" value="sun.awt.X11GraphicsEnvironment"/>
    <property name="java.endorsed.dirs" value="/usr/lib/jvm/java-8-oracle/jre/lib/endorsed"/>
    <property name="os.arch" value="amd64"/>
    <property name="java.io.tmpdir" value="/tmp"/>
    <property name="line.separator" value="
"/>
    <property name="java.vm.specification.vendor" value="Oracle Corporation"/>
    <property name="os.name" value="Linux"/>
    <property name="maven.ext.class.path" value="/home/martin/netbeans-8.0.2/java/maven-nblib/netbeans-eventspy.jar"/>
    <property name="classworlds.conf" value="/home/martin/netbeans-8.0.2/java/maven/bin/m2.conf"/>
    <property name="sun.jnu.encoding" value="UTF-8"/>
    <property name="java.library.path" value="/usr/lib/jvm/java-8-oracle/jre/lib/amd64:/usr/lib/jvm/java-8-oracle/jre/lib/i386::/usr/java/packages/lib/amd64:/usr/lib64:/lib64:/lib:/usr/lib"/>
    <property name="java.specification.name" value="Java Platform API Specification"/>
    <property name="java.class.version" value="52.0"/>
    <property name="sun.management.compiler" value="HotSpot 64-Bit Tiered Compilers"/>
    <property name="os.version" value="3.13.0-49-generic"/>
    <property name="user.home" value="/home/martin"/>
    <property name="user.timezone" value="Europe/Prague"/>
    <property name="java.awt.printerjob" value="sun.print.PSPrinterJob"/>
    <property name="file.encoding" value="UTF-8"/>
    <property name="java.specification.version" value="1.8"/>
    <property name="user.name" value="martin"/>
    <property name="java.class.path" value="/home/martin/netbeans-8.0.2/java/maven/boot/plexus-classworlds-2.4.jar"/>
    <property name="java.vm.specification.version" value="1.8"/>
    <property name="sun.arch.data.model" value="64"/>
    <property name="java.home" value="/usr/lib/jvm/java-8-oracle/jre"/>
    <property name="sun.java.command" value="org.codehaus.plexus.classworlds.launcher.Launcher -Dmaven.ext.class.path=/home/martin/netbeans-8.0.2/java/maven-nblib/netbeans-eventspy.jar clean install"/>
    <property name="java.specification.vendor" value="Oracle Corporation"/>
    <property name="user.language" value="en"/>
    <property name="awt.toolkit" value="sun.awt.X11.XToolkit"/>
    <property name="java.vm.info" value="mixed mode"/>
    <property name="java.version" value="1.8.0_45"/>
    <property name="java.ext.dirs" value="/usr/lib/jvm/java-8-oracle/jre/lib/ext:/usr/java/packages/lib/ext"/>
    <property name="securerandom.source" value="file:/dev/./urandom"/>
    <property name="sun.boot.class.path" value="/usr/lib/jvm/java-8-oracle/jre/lib/resources.jar:/usr/lib/jvm/java-8-oracle/jre/lib/rt.jar:/usr/lib/jvm/java-8-oracle/jre/lib/sunrsasign.jar:/usr/lib/jvm/java-8-oracle/jre/lib/jsse.jar:/usr/lib/jvm/java-8-oracle/jre/lib/jce.jar:/usr/lib/jvm/java-8-oracle/jre/lib/charsets.jar:/usr/lib/jvm/java-8-oracle/jre/lib/jfr.jar:/usr/lib/jvm/java-8-oracle/jre/classes"/>
    <property name="java.vendor" value="Oracle Corporation"/>
    <property name="maven.home" value="/home/martin/netbeans-8.0.2/java/maven"/>
    <property name="file.separator" value="/"/>
    <property name="java.vendor.url.bug" value="http://bugreport.sun.com/bugreport/"/>
    <property name="sun.cpu.endian" value="little"/>
    <property name="sun.io.unicode.encoding" value="UnicodeLittle"/>
    <property name="sun.desktop" value="gnome"/>
    <property name="sun.cpu.isalist" value=""/>
  </properties>
  <testcase classname="agency.MissionManagerImplTest" name="createMinDifficulty" time="0.018"/>
  <testcase classname="agency.MissionManagerImplTest" name="createExistingMission" time="0.016"/>
  <testcase classname="agency.MissionManagerImplTest" name="createNullMission" time="0.013"/>
  <testcase classname="agency.MissionManagerImplTest" name="createMissionWithNullParameter" time="0.011"/>
  <testcase classname="agency.MissionManagerImplTest" name="createEndBeforeBegin" time="0.013"/>
  <testcase classname="agency.MissionManagerImplTest" name="createSameBeginAndEnd" time="0.016"/>
  <testcase classname="agency.MissionManagerImplTest" name="createNoCapacity" time="0.013"/>
  <testcase classname="agency.MissionManagerImplTest" name="createMinCapacity" time="0.015"/>
  <testcase classname="agency.MissionManagerImplTest" name="createLowDifficulty" time="0.012"/>
  <testcase classname="agency.MissionManagerImplTest" name="createHighDifficulty" time="0.013"/>
  <testcase classname="agency.MissionManagerImplTest" name="updateNoCapacity" time="0.015"/>
  <testcase classname="agency.MissionManagerImplTest" name="createMaxDifficulty" time="0.017"/>
  <testcase classname="agency.MissionManagerImplTest" name="createValidParameters" time="0.021"/>
  <testcase classname="agency.MissionManagerImplTest" name="updateNullMission" time="0.013"/>
  <testcase classname="agency.MissionManagerImplTest" name="updateMissionWithNullParameter" time="0.02"/>
  <testcase classname="agency.MissionManagerImplTest" name="updateEndBeforeBegin" time="0.018"/>
  <testcase classname="agency.MissionManagerImplTest" name="updateSameBeginAndEnd" time="0.025"/>
  <testcase classname="agency.MissionManagerImplTest" name="updateMinCapacity" time="0.02"/>
  <testcase classname="agency.MissionManagerImplTest" name="updateLowDifficulty" time="0.012"/>
  <testcase classname="agency.MissionManagerImplTest" name="updateMinDifficulty" time="0.016"/>
  <testcase classname="agency.MissionManagerImplTest" name="updateHighDifficulty" time="0.013"/>
  <testcase classname="agency.MissionManagerImplTest" name="updateMaxDifficulty" time="0.057"/>
  <testcase classname="agency.MissionManagerImplTest" name="updateNullId" time="0.02"/>
  <testcase classname="agency.MissionManagerImplTest" name="updateValidParamaters" time="0.025"/>
  <testcase classname="agency.MissionManagerImplTest" name="daleteNullMission" time="0.011"/>
  <testcase classname="agency.MissionManagerImplTest" name="deleteNullId" time="0.01"/>
  <testcase classname="agency.MissionManagerImplTest" name="deleteMission" time="0.022"/>
  <testcase classname="agency.MissionManagerImplTest" name="findNullId" time="0.01"/>
  <testcase classname="agency.MissionManagerImplTest" name="testFindMissionById" time="0.015"/>
  <testcase classname="agency.MissionManagerImplTest" name="testFindAllMissions" time="0.014"/>
</testsuite>