<?xml version="1.0" encoding="UTF-8" ?>
<testsuite tests="37" failures="0" name="agency.AgentManagerImplTest" time="1.846" errors="0" skipped="0">
  <properties>
    <property name="java.runtime.name" value="Java(TM) SE Runtime Environment"/>
    <property name="sun.boot.library.path" value="/usr/lib/jvm/java-8-oracle/jre/lib/amd64"/>
    <property name="java.vm.version" value="25.45-b02"/>
    <property name="java.vm.vendor" value="Oracle Corporation"/>
    <property name="java.vendor.url" value="http://java.oracle.com/"/>
    <property name="path.separator" value=":"/>
    <property name="guice.disable.misplaced.annotation.check" value="true"/>
    <property name="java.vm.name" value="Java HotSpot(TM) 64-Bit Server VM"/>
    <property name="file.encoding.pkg" value="sun.io"/>
    <property name="user.country" value="US"/>
    <property name="sun.java.launcher" value="SUN_STANDARD"/>
    <property name="sun.os.patch.level" value="unknown"/>
    <property name="java.vm.specification.name" value="Java Virtual Machine Specification"/>
    <property name="user.dir" value="/home/martin/IV-semester/PV168 - SeminarJava/AgencyMaven/Agency"/>
    <property name="java.runtime.version" value="1.8.0_45-b14"/>
    <property name="java.awt.graphicsenv" value="sun.awt.X11GraphicsEnvironment"/>
    <property name="java.endorsed.dirs" value="/usr/lib/jvm/java-8-oracle/jre/lib/endorsed"/>
    <property name="os.arch" value="amd64"/>
    <property name="java.io.tmpdir" value="/tmp"/>
    <property name="line.separator" value="
"/>
    <property name="java.vm.specification.vendor" value="Oracle Corporation"/>
    <property name="os.name" value="Linux"/>
    <property name="maven.ext.class.path" value="/home/martin/netbeans-8.0.2/java/maven-nblib/netbeans-eventspy.jar"/>
    <property name="classworlds.conf" value="/home/martin/netbeans-8.0.2/java/maven/bin/m2.conf"/>
    <property name="sun.jnu.encoding" value="UTF-8"/>
    <property name="java.library.path" value="/usr/lib/jvm/java-8-oracle/jre/lib/amd64:/usr/lib/jvm/java-8-oracle/jre/lib/i386::/usr/java/packages/lib/amd64:/usr/lib64:/lib64:/lib:/usr/lib"/>
    <property name="java.specification.name" value="Java Platform API Specification"/>
    <property name="java.class.version" value="52.0"/>
    <property name="sun.management.compiler" value="HotSpot 64-Bit Tiered Compilers"/>
    <property name="os.version" value="3.13.0-49-generic"/>
    <property name="user.home" value="/home/martin"/>
    <property name="user.timezone" value="Europe/Prague"/>
    <property name="java.awt.printerjob" value="sun.print.PSPrinterJob"/>
    <property name="file.encoding" value="UTF-8"/>
    <property name="java.specification.version" value="1.8"/>
    <property name="user.name" value="martin"/>
    <property name="java.class.path" value="/home/martin/netbeans-8.0.2/java/maven/boot/plexus-classworlds-2.4.jar"/>
    <property name="java.vm.specification.version" value="1.8"/>
    <property name="sun.arch.data.model" value="64"/>
    <property name="java.home" value="/usr/lib/jvm/java-8-oracle/jre"/>
    <property name="sun.java.command" value="org.codehaus.plexus.classworlds.launcher.Launcher -Dmaven.ext.class.path=/home/martin/netbeans-8.0.2/java/maven-nblib/netbeans-eventspy.jar clean install"/>
    <property name="java.specification.vendor" value="Oracle Corporation"/>
    <property name="user.language" value="en"/>
    <property name="awt.toolkit" value="sun.awt.X11.XToolkit"/>
    <property name="java.vm.info" value="mixed mode"/>
    <property name="java.version" value="1.8.0_45"/>
    <property name="java.ext.dirs" value="/usr/lib/jvm/java-8-oracle/jre/lib/ext:/usr/java/packages/lib/ext"/>
    <property name="securerandom.source" value="file:/dev/./urandom"/>
    <property name="sun.boot.class.path" value="/usr/lib/jvm/java-8-oracle/jre/lib/resources.jar:/usr/lib/jvm/java-8-oracle/jre/lib/rt.jar:/usr/lib/jvm/java-8-oracle/jre/lib/sunrsasign.jar:/usr/lib/jvm/java-8-oracle/jre/lib/jsse.jar:/usr/lib/jvm/java-8-oracle/jre/lib/jce.jar:/usr/lib/jvm/java-8-oracle/jre/lib/charsets.jar:/usr/lib/jvm/java-8-oracle/jre/lib/jfr.jar:/usr/lib/jvm/java-8-oracle/jre/classes"/>
    <property name="java.vendor" value="Oracle Corporation"/>
    <property name="maven.home" value="/home/martin/netbeans-8.0.2/java/maven"/>
    <property name="file.separator" value="/"/>
    <property name="java.vendor.url.bug" value="http://bugreport.sun.com/bugreport/"/>
    <property name="sun.cpu.endian" value="little"/>
    <property name="sun.io.unicode.encoding" value="UnicodeLittle"/>
    <property name="sun.desktop" value="gnome"/>
    <property name="sun.cpu.isalist" value=""/>
  </properties>
  <testcase classname="agency.AgentManagerImplTest" name="testCreateAgentValid" time="0.78"/>
  <testcase classname="agency.AgentManagerImplTest" name="testCreateAgentValidNullNote" time="0.048"/>
  <testcase classname="agency.AgentManagerImplTest" name="testCreateAgentWithNull" time="0.029"/>
  <testcase classname="agency.AgentManagerImplTest" name="testCreateAgentWithNullName" time="0.027"/>
  <testcase classname="agency.AgentManagerImplTest" name="testCreateAgentWithInvalidBornNull" time="0.028"/>
  <testcase classname="agency.AgentManagerImplTest" name="testCreateAgentWithInvalidBornFuture" time="0.033"/>
  <testcase classname="agency.AgentManagerImplTest" name="testCreateAgentWithInvalidBornLess18" time="0.03"/>
  <testcase classname="agency.AgentManagerImplTest" name="testCreateAgentWithInvalidLevelNegative" time="0.031"/>
  <testcase classname="agency.AgentManagerImplTest" name="testCreateAgentWithInvalidLevelZero" time="0.029"/>
  <testcase classname="agency.AgentManagerImplTest" name="testCreateAgentWithInvalidLevelTooHigh" time="0.022"/>
  <testcase classname="agency.AgentManagerImplTest" name="testUpdateAgentValidName" time="0.052"/>
  <testcase classname="agency.AgentManagerImplTest" name="testUpdateAgentValidBorn" time="0.046"/>
  <testcase classname="agency.AgentManagerImplTest" name="testUpdateAgentValidLevel" time="0.039"/>
  <testcase classname="agency.AgentManagerImplTest" name="testUpdateAgentValidNote" time="0.042"/>
  <testcase classname="agency.AgentManagerImplTest" name="testUpdateAgentWithNull" time="0.02"/>
  <testcase classname="agency.AgentManagerImplTest" name="testUpdateAgentWithNullId" time="0.031"/>
  <testcase classname="agency.AgentManagerImplTest" name="testUpdateAgentWithInvalidId" time="0.036"/>
  <testcase classname="agency.AgentManagerImplTest" name="testUpdateAgentWithFakeId" time="0.035"/>
  <testcase classname="agency.AgentManagerImplTest" name="testUpdateAgentWithZeroId" time="0.031"/>
  <testcase classname="agency.AgentManagerImplTest" name="testUpdateAgentWithNullName" time="0.028"/>
  <testcase classname="agency.AgentManagerImplTest" name="testUpdateAgentWithInvalidBornNull" time="0.026"/>
  <testcase classname="agency.AgentManagerImplTest" name="testUpdateAgentWithInvalidBornFuture" time="0.03"/>
  <testcase classname="agency.AgentManagerImplTest" name="testUpdateAgentWithInvalidBornLess18" time="0.027"/>
  <testcase classname="agency.AgentManagerImplTest" name="testUpdateAgentWithInvalidLevelNegative" time="0.025"/>
  <testcase classname="agency.AgentManagerImplTest" name="testUpdateAgentWithInvalidLevelZero" time="0.035"/>
  <testcase classname="agency.AgentManagerImplTest" name="testUpdateAgentWithInvalidLevelTooHigh" time="0.026"/>
  <testcase classname="agency.AgentManagerImplTest" name="testDeleteAgent" time="0.032"/>
  <testcase classname="agency.AgentManagerImplTest" name="testDeleteAgentWithNull" time="0.016"/>
  <testcase classname="agency.AgentManagerImplTest" name="testDeleteAgentWithNullId" time="0.016"/>
  <testcase classname="agency.AgentManagerImplTest" name="testDeleteAgentWithInvalidIdNegative" time="0.016"/>
  <testcase classname="agency.AgentManagerImplTest" name="testDeleteAgentWithInvalidIdZero" time="0.015"/>
  <testcase classname="agency.AgentManagerImplTest" name="testFindAgentByIdValid" time="0.026"/>
  <testcase classname="agency.AgentManagerImplTest" name="testFindAgentByIdWithNull" time="0.016"/>
  <testcase classname="agency.AgentManagerImplTest" name="testFindAgentByIdWithInvalidIdNegative" time="0.014"/>
  <testcase classname="agency.AgentManagerImplTest" name="TestFindAgentByIdWithInvalidIdZero" time="0.015"/>
  <testcase classname="agency.AgentManagerImplTest" name="testFindAllAgents" time="0.026"/>
  <testcase classname="agency.AgentManagerImplTest" name="testFindAllAgentsNoAgents" time="0.024"/>
</testsuite>