<?xml version="1.0" encoding="UTF-8" ?>
<testsuite tests="30" failures="0" name="agency.MissionManagerImplTest" time="4.45" errors="0" skipped="0">
  <properties>
    <property name="java.runtime.name" value="Java(TM) SE Runtime Environment"/>
    <property name="sun.boot.library.path" value="C:\Program Files\Java\jdk1.8.0_31\jre\bin"/>
    <property name="java.vm.version" value="25.31-b07"/>
    <property name="java.vm.vendor" value="Oracle Corporation"/>
    <property name="java.vendor.url" value="http://java.oracle.com/"/>
    <property name="path.separator" value=";"/>
    <property name="guice.disable.misplaced.annotation.check" value="true"/>
    <property name="java.vm.name" value="Java HotSpot(TM) 64-Bit Server VM"/>
    <property name="file.encoding.pkg" value="sun.io"/>
    <property name="user.script" value=""/>
    <property name="user.country" value="US"/>
    <property name="sun.java.launcher" value="SUN_STANDARD"/>
    <property name="sun.os.patch.level" value=""/>
    <property name="java.vm.specification.name" value="Java Virtual Machine Specification"/>
    <property name="user.dir" value="C:\GitHub\PV168Project\Agency"/>
    <property name="java.runtime.version" value="1.8.0_31-b13"/>
    <property name="java.awt.graphicsenv" value="sun.awt.Win32GraphicsEnvironment"/>
    <property name="java.endorsed.dirs" value="C:\Program Files\Java\jdk1.8.0_31\jre\lib\endorsed"/>
    <property name="os.arch" value="amd64"/>
    <property name="java.io.tmpdir" value="C:\Users\Martin\AppData\Local\Temp\"/>
    <property name="line.separator" value="
"/>
    <property name="java.vm.specification.vendor" value="Oracle Corporation"/>
    <property name="user.variant" value=""/>
    <property name="os.name" value="Windows 8.1"/>
    <property name="maven.ext.class.path" value="C:\Program Files\NetBeans 8.0.2\java\maven-nblib\netbeans-eventspy.jar"/>
    <property name="classworlds.conf" value="C:\Program Files\NetBeans 8.0.2\java\maven\bin\m2.conf"/>
    <property name="sun.jnu.encoding" value="Cp1252"/>
    <property name="java.library.path" value="C:\Program Files\Java\jdk1.8.0_31\bin;C:\Windows\Sun\Java\bin;C:\Windows\system32;C:\Windows;C:\Program Files (x86)\Common Files\Intel\Shared Libraries\redist\intel64\compiler;C:\ProgramData\Oracle\Java\javapath;C:\Program Files (x86)\NVIDIA Corporation\PhysX\Common;C:\Program Files (x86)\Intel\iCLS Client\;C:\Program Files\Intel\iCLS Client\;C:\Windows\system32;C:\Windows;C:\Windows\System32\Wbem;C:\Windows\System32\WindowsPowerShell\v1.0\;C:\Program Files\Diskeeper Corporation\ExpressCache\;C:\Program Files\TortoiseSVN\bin;C:\Program Files\Intel\Intel(R) Management Engine Components\DAL;C:\Program Files\Intel\Intel(R) Management Engine Components\IPT;C:\Program Files (x86)\Intel\Intel(R) Management Engine Components\DAL;C:\Program Files (x86)\Intel\Intel(R) Management Engine Components\IPT;C:\Program Files\Intel\WiFi\bin\;C:\Program Files\Common Files\Intel\WirelessCommon\;C:\Program Files (x86)\QuickTime\QTSystem\;C:\Program Files (x86)\Windows Kits\8.1\Windows Performance Toolkit\;C:\Program Files\Microsoft SQL Server\110\Tools\Binn\;C:\Program Files (x86)\Microsoft SDKs\TypeScript\1.0\;C:\Program Files (x86)\Common Files\lenovo\easyplussdk\bin;C:\Program Files\Microsoft\Web Platform Installer\;C:\Program Files\Microsoft SQL Server\120\Tools\Binn\;C:\Program Files (x86)\Skype\Phone\;c:\my programs\canopy\user\scripts;C:\My programs\Canopy\User;C:\My programs\Canopy\User\Scripts;C:\Program Files\Intel\WiFi\bin\;C:\Program Files\Common Files\Intel\WirelessCommon\;."/>
    <property name="java.specification.name" value="Java Platform API Specification"/>
    <property name="java.class.version" value="52.0"/>
    <property name="sun.management.compiler" value="HotSpot 64-Bit Tiered Compilers"/>
    <property name="os.version" value="6.3"/>
    <property name="user.home" value="C:\Users\Martin"/>
    <property name="user.timezone" value="Europe/Prague"/>
    <property name="java.awt.printerjob" value="sun.awt.windows.WPrinterJob"/>
    <property name="java.specification.version" value="1.8"/>
    <property name="file.encoding" value="UTF-8"/>
    <property name="user.name" value="Stefi-PC"/>
    <property name="java.class.path" value="C:\Program Files\NetBeans 8.0.2\java\maven\boot\plexus-classworlds-2.4.jar"/>
    <property name="java.vm.specification.version" value="1.8"/>
    <property name="sun.arch.data.model" value="64"/>
    <property name="java.home" value="C:\Program Files\Java\jdk1.8.0_31\jre"/>
    <property name="sun.java.command" value="org.codehaus.plexus.classworlds.launcher.Launcher -Dmaven.ext.class.path=C:\Program Files\NetBeans 8.0.2\java\maven-nblib\netbeans-eventspy.jar -Dfile.encoding=UTF-8 clean install"/>
    <property name="java.specification.vendor" value="Oracle Corporation"/>
    <property name="user.language" value="en"/>
    <property name="awt.toolkit" value="sun.awt.windows.WToolkit"/>
    <property name="java.vm.info" value="mixed mode"/>
    <property name="java.version" value="1.8.0_31"/>
    <property name="java.ext.dirs" value="C:\Program Files\Java\jdk1.8.0_31\jre\lib\ext;C:\Windows\Sun\Java\lib\ext"/>
    <property name="sun.boot.class.path" value="C:\Program Files\Java\jdk1.8.0_31\jre\lib\resources.jar;C:\Program Files\Java\jdk1.8.0_31\jre\lib\rt.jar;C:\Program Files\Java\jdk1.8.0_31\jre\lib\sunrsasign.jar;C:\Program Files\Java\jdk1.8.0_31\jre\lib\jsse.jar;C:\Program Files\Java\jdk1.8.0_31\jre\lib\jce.jar;C:\Program Files\Java\jdk1.8.0_31\jre\lib\charsets.jar;C:\Program Files\Java\jdk1.8.0_31\jre\lib\jfr.jar;C:\Program Files\Java\jdk1.8.0_31\jre\classes"/>
    <property name="java.vendor" value="Oracle Corporation"/>
    <property name="maven.home" value="C:\Program Files\NetBeans 8.0.2\java\maven"/>
    <property name="file.separator" value="\"/>
    <property name="java.vendor.url.bug" value="http://bugreport.sun.com/bugreport/"/>
    <property name="sun.cpu.endian" value="little"/>
    <property name="sun.io.unicode.encoding" value="UnicodeLittle"/>
    <property name="sun.desktop" value="windows"/>
    <property name="sun.cpu.isalist" value="amd64"/>
  </properties>
  <testcase classname="agency.MissionManagerImplTest" name="testFindAllMissions" time="0.106"/>
  <testcase classname="agency.MissionManagerImplTest" name="createEndBeforeBegin" time="0.094"/>
  <testcase classname="agency.MissionManagerImplTest" name="createValidParameters" time="0.115"/>
  <testcase classname="agency.MissionManagerImplTest" name="updateMaxDifficulty" time="0.115"/>
  <testcase classname="agency.MissionManagerImplTest" name="createNullMission" time="0.169"/>
  <testcase classname="agency.MissionManagerImplTest" name="createMinDifficulty" time="0.264"/>
  <testcase classname="agency.MissionManagerImplTest" name="createHighDifficulty" time="0.172"/>
  <testcase classname="agency.MissionManagerImplTest" name="createSameBeginAndEnd" time="0.238"/>
  <testcase classname="agency.MissionManagerImplTest" name="updateMissionWithNullParameter" time="0.103"/>
  <testcase classname="agency.MissionManagerImplTest" name="createMinCapacity" time="0.154"/>
  <testcase classname="agency.MissionManagerImplTest" name="updateEndBeforeBegin" time="0.144"/>
  <testcase classname="agency.MissionManagerImplTest" name="updateLowDifficulty" time="0.135"/>
  <testcase classname="agency.MissionManagerImplTest" name="updateMinCapacity" time="0.138"/>
  <testcase classname="agency.MissionManagerImplTest" name="updateSameBeginAndEnd" time="0.24"/>
  <testcase classname="agency.MissionManagerImplTest" name="updateValidParamaters" time="0.111"/>
  <testcase classname="agency.MissionManagerImplTest" name="daleteNullMission" time="0.149"/>
  <testcase classname="agency.MissionManagerImplTest" name="testFindMissionById" time="0.194"/>
  <testcase classname="agency.MissionManagerImplTest" name="createExistingMission" time="0.285"/>
  <testcase classname="agency.MissionManagerImplTest" name="createLowDifficulty" time="0.254"/>
  <testcase classname="agency.MissionManagerImplTest" name="updateNullMission" time="0.098"/>
  <testcase classname="agency.MissionManagerImplTest" name="updateHighDifficulty" time="0.105"/>
  <testcase classname="agency.MissionManagerImplTest" name="updateMinDifficulty" time="0.108"/>
  <testcase classname="agency.MissionManagerImplTest" name="createMaxDifficulty" time="0.1"/>
  <testcase classname="agency.MissionManagerImplTest" name="createMissionWithNullParameter" time="0.102"/>
  <testcase classname="agency.MissionManagerImplTest" name="findNullId" time="0.111"/>
  <testcase classname="agency.MissionManagerImplTest" name="deleteMission" time="0.174"/>
  <testcase classname="agency.MissionManagerImplTest" name="updateNullId" time="0.118"/>
  <testcase classname="agency.MissionManagerImplTest" name="deleteNullId" time="0.125"/>
  <testcase classname="agency.MissionManagerImplTest" name="updateNoCapacity" time="0.099"/>
  <testcase classname="agency.MissionManagerImplTest" name="createNoCapacity" time="0.122"/>
</testsuite>