<?xml version="1.0" encoding="UTF-8" ?>
<testsuite tests="37" failures="0" name="agency.AgentManagerImplTest" time="6.974" errors="0" skipped="0">
  <properties>
    <property name="java.runtime.name" value="Java(TM) SE Runtime Environment"/>
    <property name="sun.boot.library.path" value="C:\Program Files\Java\jdk1.8.0_31\jre\bin"/>
    <property name="java.vm.version" value="25.31-b07"/>
    <property name="java.vm.vendor" value="Oracle Corporation"/>
    <property name="java.vendor.url" value="http://java.oracle.com/"/>
    <property name="path.separator" value=";"/>
    <property name="guice.disable.misplaced.annotation.check" value="true"/>
    <property name="java.vm.name" value="Java HotSpot(TM) 64-Bit Server VM"/>
    <property name="file.encoding.pkg" value="sun.io"/>
    <property name="user.script" value=""/>
    <property name="user.country" value="US"/>
    <property name="sun.java.launcher" value="SUN_STANDARD"/>
    <property name="sun.os.patch.level" value=""/>
    <property name="java.vm.specification.name" value="Java Virtual Machine Specification"/>
    <property name="user.dir" value="C:\GitHub\PV168Project\Agency"/>
    <property name="java.runtime.version" value="1.8.0_31-b13"/>
    <property name="java.awt.graphicsenv" value="sun.awt.Win32GraphicsEnvironment"/>
    <property name="java.endorsed.dirs" value="C:\Program Files\Java\jdk1.8.0_31\jre\lib\endorsed"/>
    <property name="os.arch" value="amd64"/>
    <property name="java.io.tmpdir" value="C:\Users\Martin\AppData\Local\Temp\"/>
    <property name="line.separator" value="
"/>
    <property name="java.vm.specification.vendor" value="Oracle Corporation"/>
    <property name="user.variant" value=""/>
    <property name="os.name" value="Windows 8.1"/>
    <property name="maven.ext.class.path" value="C:\Program Files\NetBeans 8.0.2\java\maven-nblib\netbeans-eventspy.jar"/>
    <property name="classworlds.conf" value="C:\Program Files\NetBeans 8.0.2\java\maven\bin\m2.conf"/>
    <property name="sun.jnu.encoding" value="Cp1252"/>
    <property name="java.library.path" value="C:\Program Files\Java\jdk1.8.0_31\bin;C:\Windows\Sun\Java\bin;C:\Windows\system32;C:\Windows;C:\Program Files (x86)\Common Files\Intel\Shared Libraries\redist\intel64\compiler;C:\ProgramData\Oracle\Java\javapath;C:\Program Files (x86)\NVIDIA Corporation\PhysX\Common;C:\Program Files (x86)\Intel\iCLS Client\;C:\Program Files\Intel\iCLS Client\;C:\Windows\system32;C:\Windows;C:\Windows\System32\Wbem;C:\Windows\System32\WindowsPowerShell\v1.0\;C:\Program Files\Diskeeper Corporation\ExpressCache\;C:\Program Files\TortoiseSVN\bin;C:\Program Files\Intel\Intel(R) Management Engine Components\DAL;C:\Program Files\Intel\Intel(R) Management Engine Components\IPT;C:\Program Files (x86)\Intel\Intel(R) Management Engine Components\DAL;C:\Program Files (x86)\Intel\Intel(R) Management Engine Components\IPT;C:\Program Files\Intel\WiFi\bin\;C:\Program Files\Common Files\Intel\WirelessCommon\;C:\Program Files (x86)\QuickTime\QTSystem\;C:\Program Files (x86)\Windows Kits\8.1\Windows Performance Toolkit\;C:\Program Files\Microsoft SQL Server\110\Tools\Binn\;C:\Program Files (x86)\Microsoft SDKs\TypeScript\1.0\;C:\Program Files (x86)\Common Files\lenovo\easyplussdk\bin;C:\Program Files\Microsoft\Web Platform Installer\;C:\Program Files\Microsoft SQL Server\120\Tools\Binn\;C:\Program Files (x86)\Skype\Phone\;c:\my programs\canopy\user\scripts;C:\My programs\Canopy\User;C:\My programs\Canopy\User\Scripts;C:\Program Files\Intel\WiFi\bin\;C:\Program Files\Common Files\Intel\WirelessCommon\;."/>
    <property name="java.specification.name" value="Java Platform API Specification"/>
    <property name="java.class.version" value="52.0"/>
    <property name="sun.management.compiler" value="HotSpot 64-Bit Tiered Compilers"/>
    <property name="os.version" value="6.3"/>
    <property name="user.home" value="C:\Users\Martin"/>
    <property name="user.timezone" value="Europe/Prague"/>
    <property name="java.awt.printerjob" value="sun.awt.windows.WPrinterJob"/>
    <property name="java.specification.version" value="1.8"/>
    <property name="file.encoding" value="UTF-8"/>
    <property name="user.name" value="Stefi-PC"/>
    <property name="java.class.path" value="C:\Program Files\NetBeans 8.0.2\java\maven\boot\plexus-classworlds-2.4.jar"/>
    <property name="java.vm.specification.version" value="1.8"/>
    <property name="sun.arch.data.model" value="64"/>
    <property name="java.home" value="C:\Program Files\Java\jdk1.8.0_31\jre"/>
    <property name="sun.java.command" value="org.codehaus.plexus.classworlds.launcher.Launcher -Dmaven.ext.class.path=C:\Program Files\NetBeans 8.0.2\java\maven-nblib\netbeans-eventspy.jar -Dfile.encoding=UTF-8 clean install"/>
    <property name="java.specification.vendor" value="Oracle Corporation"/>
    <property name="user.language" value="en"/>
    <property name="awt.toolkit" value="sun.awt.windows.WToolkit"/>
    <property name="java.vm.info" value="mixed mode"/>
    <property name="java.version" value="1.8.0_31"/>
    <property name="java.ext.dirs" value="C:\Program Files\Java\jdk1.8.0_31\jre\lib\ext;C:\Windows\Sun\Java\lib\ext"/>
    <property name="sun.boot.class.path" value="C:\Program Files\Java\jdk1.8.0_31\jre\lib\resources.jar;C:\Program Files\Java\jdk1.8.0_31\jre\lib\rt.jar;C:\Program Files\Java\jdk1.8.0_31\jre\lib\sunrsasign.jar;C:\Program Files\Java\jdk1.8.0_31\jre\lib\jsse.jar;C:\Program Files\Java\jdk1.8.0_31\jre\lib\jce.jar;C:\Program Files\Java\jdk1.8.0_31\jre\lib\charsets.jar;C:\Program Files\Java\jdk1.8.0_31\jre\lib\jfr.jar;C:\Program Files\Java\jdk1.8.0_31\jre\classes"/>
    <property name="java.vendor" value="Oracle Corporation"/>
    <property name="maven.home" value="C:\Program Files\NetBeans 8.0.2\java\maven"/>
    <property name="file.separator" value="\"/>
    <property name="java.vendor.url.bug" value="http://bugreport.sun.com/bugreport/"/>
    <property name="sun.cpu.endian" value="little"/>
    <property name="sun.io.unicode.encoding" value="UnicodeLittle"/>
    <property name="sun.desktop" value="windows"/>
    <property name="sun.cpu.isalist" value="amd64"/>
  </properties>
  <testcase classname="agency.AgentManagerImplTest" name="testCreateAgentWithInvalidLevelZero" time="0.094"/>
  <testcase classname="agency.AgentManagerImplTest" name="testUpdateAgentWithInvalidBornFuture" time="0.165"/>
  <testcase classname="agency.AgentManagerImplTest" name="testUpdateAgentWithInvalidBornLess18" time="0.105"/>
  <testcase classname="agency.AgentManagerImplTest" name="testUpdateAgentWithInvalidLevelZero" time="0.119"/>
  <testcase classname="agency.AgentManagerImplTest" name="testCreateAgentWithInvalidBornFuture" time="0.107"/>
  <testcase classname="agency.AgentManagerImplTest" name="testCreateAgentWithInvalidLevelTooHigh" time="0.153"/>
  <testcase classname="agency.AgentManagerImplTest" name="testCreateAgentWithInvalidLevelNegative" time="0.169"/>
  <testcase classname="agency.AgentManagerImplTest" name="testUpdateAgentWithInvalidLevelTooHigh" time="0.163"/>
  <testcase classname="agency.AgentManagerImplTest" name="testUpdateAgentWithInvalidBornNull" time="0.184"/>
  <testcase classname="agency.AgentManagerImplTest" name="testUpdateAgentWithInvalidLevelNegative" time="0.159"/>
  <testcase classname="agency.AgentManagerImplTest" name="testCreateAgentWithInvalidBornLess18" time="0.199"/>
  <testcase classname="agency.AgentManagerImplTest" name="testDeleteAgentWithInvalidIdNegative" time="0.155"/>
  <testcase classname="agency.AgentManagerImplTest" name="testFindAgentByIdWithInvalidIdNegative" time="0.159"/>
  <testcase classname="agency.AgentManagerImplTest" name="testCreateAgentWithInvalidBornNull" time="0.165"/>
  <testcase classname="agency.AgentManagerImplTest" name="TestFindAgentByIdWithInvalidIdZero" time="0.142"/>
  <testcase classname="agency.AgentManagerImplTest" name="testCreateAgentValidNullNote" time="0.14"/>
  <testcase classname="agency.AgentManagerImplTest" name="testCreateAgentWithNull" time="0.116"/>
  <testcase classname="agency.AgentManagerImplTest" name="testUpdateAgentWithNull" time="0.117"/>
  <testcase classname="agency.AgentManagerImplTest" name="testUpdateAgentValidName" time="0.178"/>
  <testcase classname="agency.AgentManagerImplTest" name="testUpdateAgentValidBorn" time="0.134"/>
  <testcase classname="agency.AgentManagerImplTest" name="testUpdateAgentValidLevel" time="0.165"/>
  <testcase classname="agency.AgentManagerImplTest" name="testUpdateAgentWithNullId" time="0.112"/>
  <testcase classname="agency.AgentManagerImplTest" name="testCreateAgentValid" time="0.169"/>
  <testcase classname="agency.AgentManagerImplTest" name="testUpdateAgentWithInvalidId" time="0.118"/>
  <testcase classname="agency.AgentManagerImplTest" name="testUpdateAgentWithZeroId" time="0.102"/>
  <testcase classname="agency.AgentManagerImplTest" name="testUpdateAgentWithNullName" time="0.156"/>
  <testcase classname="agency.AgentManagerImplTest" name="testCreateAgentWithNullName" time="1.725"/>
  <testcase classname="agency.AgentManagerImplTest" name="testDeleteAgentWithNullId" time="0.129"/>
  <testcase classname="agency.AgentManagerImplTest" name="testUpdateAgentWithFakeId" time="0.165"/>
  <testcase classname="agency.AgentManagerImplTest" name="testDeleteAgentWithInvalidIdZero" time="0.096"/>
  <testcase classname="agency.AgentManagerImplTest" name="testUpdateAgentValidNote" time="0.216"/>
  <testcase classname="agency.AgentManagerImplTest" name="testFindAgentByIdValid" time="0.215"/>
  <testcase classname="agency.AgentManagerImplTest" name="testDeleteAgentWithNull" time="0.122"/>
  <testcase classname="agency.AgentManagerImplTest" name="testFindAgentByIdWithNull" time="0.125"/>
  <testcase classname="agency.AgentManagerImplTest" name="testFindAllAgentsNoAgents" time="0.185"/>
  <testcase classname="agency.AgentManagerImplTest" name="testFindAllAgents" time="0.114"/>
  <testcase classname="agency.AgentManagerImplTest" name="testDeleteAgent" time="0.118"/>
</testsuite>